Сборка начата 21.01.2024 8:22:02.
Уровень детализации журнала: Normal.     1>Проект "C:\labs\ооп\exo\exo\exo.vcxproj" в узле 2 (целевые объекты Build).
     1>InitializeBuildStatus:
         Создание "x64\Debug\exo.tlog\unsuccessfulbuild", так как было задано "AlwaysCreate".
       ClCompile:
         C:\vs ))))))))))\VC\Tools\MSVC\14.33.31629\bin\HostX64\x64\CL.exe /c /ZI /JMC /nologo /W3 /WX- /diagnostics:column /sdl /Od /D _DEBUG /D _CONSOLE /D _UNICODE /D UNICODE /Gm- /EHsc /RTC1 /MDd /GS /fp:precise /Zc:wchar_t /Zc:forScope /Zc:inline /permissive- /Fo"x64\Debug\\" /Fd"x64\Debug\vc143.pdb" /external:W3 /Gd /TP /FC /errorReport:prompt exo.cpp
         exo.cpp
     1>C:\labs\ооп\exo\exo\exo.cpp(22,1): warning C4005: IP_DEST_NET_UNREACHABLE: изменение макроопределения
       C:\Program Files (x86)\Windows Kits\10\Include\10.0.19041.0\um\ipexport.h(173): message : см. предыдущее определение "IP_DEST_NET_UNREACHABLE"
     1>C:\labs\ооп\exo\exo\exo.cpp(23,1): warning C4005: IP_DEST_HOST_UNREACHABLE: изменение макроопределения
       C:\Program Files (x86)\Windows Kits\10\Include\10.0.19041.0\um\ipexport.h(174): message : см. предыдущее определение "IP_DEST_HOST_UNREACHABLE"
     1>C:\labs\ооп\exo\exo\exo.cpp(24,1): warning C4005: IP_DEST_PROT_UNREACHABLE: изменение макроопределения
       C:\Program Files (x86)\Windows Kits\10\Include\10.0.19041.0\um\ipexport.h(175): message : см. предыдущее определение "IP_DEST_PROT_UNREACHABLE"
     1>C:\labs\ооп\exo\exo\exo.cpp(25,1): warning C4005: IP_DEST_PORT_UNREACHABLE: изменение макроопределения
       C:\Program Files (x86)\Windows Kits\10\Include\10.0.19041.0\um\ipexport.h(176): message : см. предыдущее определение "IP_DEST_PORT_UNREACHABLE"
     1>C:\labs\ооп\exo\exo\exo.cpp(26,1): warning C4005: IP_REQ_TIMED_OUT: изменение макроопределения
       C:\Program Files (x86)\Windows Kits\10\Include\10.0.19041.0\um\ipexport.h(181): message : см. предыдущее определение "IP_REQ_TIMED_OUT"
     1>C:\labs\ооп\exo\exo\exo.cpp(27,1): warning C4005: IP_BAD_REQ: изменение макроопределения
       C:\Program Files (x86)\Windows Kits\10\Include\10.0.19041.0\um\ipexport.h(182): message : см. предыдущее определение "IP_BAD_REQ"
     1>C:\labs\ооп\exo\exo\exo.cpp(28,1): warning C4005: IP_BAD_ROUTE: изменение макроопределения
       C:\Program Files (x86)\Windows Kits\10\Include\10.0.19041.0\um\ipexport.h(183): message : см. предыдущее определение "IP_BAD_ROUTE"
     1>C:\labs\ооп\exo\exo\exo.cpp(29,1): warning C4005: IP_TTL_EXPIRED_TRANSIT: изменение макроопределения
       C:\Program Files (x86)\Windows Kits\10\Include\10.0.19041.0\um\ipexport.h(184): message : см. предыдущее определение "IP_TTL_EXPIRED_TRANSIT"
       Link:
         C:\vs ))))))))))\VC\Tools\MSVC\14.33.31629\bin\HostX64\x64\link.exe /ERRORREPORT:PROMPT /OUT:"C:\labs\ооп\exo\x64\Debug\exo.exe" /INCREMENTAL /ILK:"x64\Debug\exo.ilk" /NOLOGO kernel32.lib user32.lib gdi32.lib winspool.lib comdlg32.lib advapi32.lib shell32.lib ole32.lib oleaut32.lib uuid.lib odbc32.lib odbccp32.lib /MANIFEST /MANIFESTUAC:"level='asInvoker' uiAccess='false'" /manifest:embed /DEBUG /PDB:"C:\labs\ооп\exo\x64\Debug\exo.pdb" /SUBSYSTEM:CONSOLE /TLBID:1 /DYNAMICBASE /NXCOMPAT /IMPLIB:"C:\labs\ооп\exo\x64\Debug\exo.lib" /MACHINE:X64 x64\Debug\exo.obj
         exo.vcxproj -> C:\labs\ооп\exo\x64\Debug\exo.exe
       FinalizeBuildStatus:
         Файл "x64\Debug\exo.tlog\unsuccessfulbuild" удаляется.
         Обращение к "x64\Debug\exo.tlog\exo.lastbuildstate".
     1>Сборка проекта "C:\labs\ооп\exo\exo\exo.vcxproj" завершена (целевые объекты Build).

Сборка успешно завершена.

       "C:\labs\ооп\exo\exo\exo.vcxproj" (целевой объект Build ) (1) ->
       (Целевой объект ClCompile) -> 
         C:\labs\ооп\exo\exo\exo.cpp(22,1): warning C4005: IP_DEST_NET_UNREACHABLE: изменение макроопределения
         C:\labs\ооп\exo\exo\exo.cpp(23,1): warning C4005: IP_DEST_HOST_UNREACHABLE: изменение макроопределения
         C:\labs\ооп\exo\exo\exo.cpp(24,1): warning C4005: IP_DEST_PROT_UNREACHABLE: изменение макроопределения
         C:\labs\ооп\exo\exo\exo.cpp(25,1): warning C4005: IP_DEST_PORT_UNREACHABLE: изменение макроопределения
         C:\labs\ооп\exo\exo\exo.cpp(26,1): warning C4005: IP_REQ_TIMED_OUT: изменение макроопределения
         C:\labs\ооп\exo\exo\exo.cpp(27,1): warning C4005: IP_BAD_REQ: изменение макроопределения
         C:\labs\ооп\exo\exo\exo.cpp(28,1): warning C4005: IP_BAD_ROUTE: изменение макроопределения
         C:\labs\ооп\exo\exo\exo.cpp(29,1): warning C4005: IP_TTL_EXPIRED_TRANSIT: изменение макроопределения

    Предупреждений: 8
    Ошибок: 0

Прошло времени 00:00:01.47
